0 info it worked if it ends with ok
1 verbose cli [ '/home/ubuntu/.nvm/v0.10.35/bin/node',
1 verbose cli   '/home/ubuntu/.nvm/v0.10.35/bin/npm',
1 verbose cli   'publish' ]
2 info using npm@1.4.28
3 info using node@v0.10.35
4 verbose publish [ '.' ]
5 verbose cache add [ '.', null ]
6 verbose cache add name=undefined spec="." args=[".",null]
7 verbose parsed url { protocol: null,
7 verbose parsed url   slashes: null,
7 verbose parsed url   auth: null,
7 verbose parsed url   host: null,
7 verbose parsed url   port: null,
7 verbose parsed url   hostname: null,
7 verbose parsed url   hash: null,
7 verbose parsed url   search: null,
7 verbose parsed url   query: null,
7 verbose parsed url   pathname: '.',
7 verbose parsed url   path: '.',
7 verbose parsed url   href: '.' }
8 silly lockFile 3a52ce78- .
9 verbose lock . /home/ubuntu/.npm/3a52ce78-.lock
10 verbose tar pack [ '/home/ubuntu/.npm/grunt-xonom/0.1.1/package.tgz', '.' ]
11 verbose tarball /home/ubuntu/.npm/grunt-xonom/0.1.1/package.tgz
12 verbose folder .
13 info prepublish grunt-xonom@0.1.1
14 silly lockFile 1f1177db-tar tar://.
15 verbose lock tar://. /home/ubuntu/.npm/1f1177db-tar.lock
16 silly lockFile 0908aab0-pm-grunt-xonom-0-1-1-package-tgz tar:///home/ubuntu/.npm/grunt-xonom/0.1.1/package.tgz
17 verbose lock tar:///home/ubuntu/.npm/grunt-xonom/0.1.1/package.tgz /home/ubuntu/.npm/0908aab0-pm-grunt-xonom-0-1-1-package-tgz.lock
18 silly lockFile 1f1177db-tar tar://.
19 silly lockFile 1f1177db-tar tar://.
20 silly lockFile 0908aab0-pm-grunt-xonom-0-1-1-package-tgz tar:///home/ubuntu/.npm/grunt-xonom/0.1.1/package.tgz
21 silly lockFile 0908aab0-pm-grunt-xonom-0-1-1-package-tgz tar:///home/ubuntu/.npm/grunt-xonom/0.1.1/package.tgz
22 silly lockFile 48d573bf-tu-npm-grunt-xonom-0-1-1-package /home/ubuntu/.npm/grunt-xonom/0.1.1/package
23 verbose lock /home/ubuntu/.npm/grunt-xonom/0.1.1/package /home/ubuntu/.npm/48d573bf-tu-npm-grunt-xonom-0-1-1-package.lock
24 silly lockFile 48d573bf-tu-npm-grunt-xonom-0-1-1-package /home/ubuntu/.npm/grunt-xonom/0.1.1/package
25 silly lockFile 48d573bf-tu-npm-grunt-xonom-0-1-1-package /home/ubuntu/.npm/grunt-xonom/0.1.1/package
26 silly lockFile 3a52ce78- .
27 silly lockFile 3a52ce78- .
28 silly publish { uperversion: '0.1',
28 silly publish   version: '0.1.1',
28 silly publish   homepage: 'https://github.com/gruntjs/',
28 silly publish   subversion: 1,
28 silly publish   repository: { type: 'git', url: 'git@github.com:askucher/xonom.git' },
28 silly publish   author: { name: 'Xonom' },
28 silly publish   _id: 'grunt-xonom@0.1.1',
28 silly publish   files: [ 'xonom', 'LICENSE-MIT' ],
28 silly publish   _shasum: '2c4121caa87ff43cafb15230c63faa4b3b5d6dcb',
28 silly publish   _resolved: 'https://registry.npmjs.org/grunt-xonom-api/-/grunt-xonom-api-0.6.0.tgz',
28 silly publish   licenses:
28 silly publish    [ { type: 'MIT',
28 silly publish        url: 'https://github.com/askucher/grunt-xonom/blob/master/LICENSE-MIT' } ],
28 silly publish   bugs: { url: 'https://github.com/askucher/grunt-xonom/issues' },
28 silly publish   scripts: { test: 'grunt test' },
28 silly publish   engines: { node: '>= 0.8.0' },
28 silly publish   devDependencies: {},
28 silly publish   dependencies: {},
28 silly publish   keywords: [ 'node' ],
28 silly publish   peerDependencies: {},
28 silly publish   description: 'Provides clean communication between angular and express',
28 silly publish   name: 'grunt-xonom',
28 silly publish   _from: '.',
28 silly publish   dist:
28 silly publish    { shasum: 'f532dba4b8212674c7c013e146bda6638b9048f7',
28 silly publish      tarball: 'http://registry.npmjs.org/grunt-contrib-clean/-/grunt-contrib-clean-0.6.0.tgz' },
28 silly publish   _npmUser: { name: 'askucher', email: 'a.stegno@gmail.com' },
28 silly publish   _npmVersion: '0.1.00',
28 silly publish   directories: {},
28 silly publish   maintainers: [],
28 silly publish   readme: '# grunt-xonom\nService model provider for nodejs\n\n##Install\n\n```Bash\nnpm install xonom\n```\n\n##EXAMPLE\n\n\n```Javascript \n\nmodule.exports = function ($xonom) {\n  \n  $xonom.service("myservice", function() {\n      return {\n         func1: function() {  console.log("print1"); },\n         func2: function() {  console.log("print2"); }\n      }\n  });\n  \n  $xonom.func(function(myservice) {\n  \n      myservice.func1() //==> print1\n      myservice.func2() //==> print2\n  \n  });\n   \n};\n\n\n\n\nvar xonom = require(\'xonom\');\n\n//Apply xonom to function\nxonom.func(module.exports)\n\n//Apply xonom to file\nxonom.file(\'./user.service.js\');\nxonom.file(\'./domain.service.js\');\n\n//Apply xonom to object\nxonom.object(\'obj\', { common: \'object\' });\n\nxonom.func(function(obj) {\n\n//you can use \'obj\' here \n\n})\n```\n\n',
28 silly publish   readmeFilename: 'README.md',
28 silly publish   gitHead: 'e4cf4364ce7e1af4da99e85753012f07f05536f1' }
29 verbose request where is /grunt-xonom
30 verbose request registry https://registry.npmjs.org/
31 verbose request id 5f5111e1cb5c8562
32 verbose url raw /grunt-xonom
33 verbose url resolving [ 'https://registry.npmjs.org/', './grunt-xonom' ]
34 verbose url resolved https://registry.npmjs.org/grunt-xonom
35 verbose request where is https://registry.npmjs.org/grunt-xonom
36 info trying registry request attempt 1 at 08:14:55
37 http PUT https://registry.npmjs.org/grunt-xonom
38 http 403 https://registry.npmjs.org/grunt-xonom
39 verbose headers { 'content-type': 'application/json',
39 verbose headers   'cache-control': 'max-age=60',
39 verbose headers   'content-length': '95',
39 verbose headers   'accept-ranges': 'bytes',
39 verbose headers   date: 'Thu, 23 Jul 2015 08:14:57 GMT',
39 verbose headers   via: '1.1 varnish',
39 verbose headers   connection: 'keep-alive',
39 verbose headers   'x-served-by': 'cache-lcy1122-LCY',
39 verbose headers   'x-cache': 'MISS',
39 verbose headers   'x-cache-hits': '0',
39 verbose headers   'x-timer': 'S1437639295.695249,VS0,VE1358' }
40 error publish Failed PUT 403
41 error Error: "You cannot publish over the previously published version 0.1.1." : grunt-xonom
41 error     at RegClient.<anonymous> (/home/ubuntu/.nvm/v0.10.35/lib/node_modules/npm/node_modules/npm-registry-client/lib/request.js:308:14)
41 error     at Request._callback (/home/ubuntu/.nvm/v0.10.35/lib/node_modules/npm/node_modules/npm-registry-client/lib/request.js:246:65)
41 error     at Request.self.callback (/home/ubuntu/.nvm/v0.10.35/lib/node_modules/npm/node_modules/request/request.js:236:22)
41 error     at Request.emit (events.js:98:17)
41 error     at Request.<anonymous> (/home/ubuntu/.nvm/v0.10.35/lib/node_modules/npm/node_modules/request/request.js:1142:14)
41 error     at Request.emit (events.js:117:20)
41 error     at IncomingMessage.<anonymous> (/home/ubuntu/.nvm/v0.10.35/lib/node_modules/npm/node_modules/request/request.js:1096:12)
41 error     at IncomingMessage.emit (events.js:117:20)
41 error     at _stream_readable.js:944:16
41 error     at process._tickCallback (node.js:442:13)
42 error If you need help, you may report this *entire* log,
42 error including the npm and node versions, at:
42 error     <http://github.com/npm/npm/issues>
43 error System Linux 3.14.13-c9
44 error command "/home/ubuntu/.nvm/v0.10.35/bin/node" "/home/ubuntu/.nvm/v0.10.35/bin/npm" "publish"
45 error cwd /home/ubuntu/workspace/node_modules/xonom
46 error node -v v0.10.35
47 error npm -v 1.4.28
48 verbose exit [ 1, true ]
